# JRE version: OpenJDK Runtime Environment (21.0.8) (build 21.0.8+-14196175-b1038.72)
# Java VM: OpenJDK 64-Bit Server VM (21.0.8+-14196175-b1038.72, mixed mode, tiered, compressed oops, compressed class ptrs, g1 gc, windows-amd64)
GC Precious Log:
 CardTable entry size: 512
 Card Set container configuration: InlinePtr #cards 5 size 8 Array Of Cards #cards 12 size 40 Howl #buckets 4 coarsen threshold 1843 Howl Bitmap #cards 512 size 80 coarsen threshold 460 Card regions per heap region 1 cards per card region 2048
 CPUs: 12 total, 12 available
 Memory: 7439M
 Large Page Support: Disabled
 NUMA Support: Disabled
 Compressed Oops: Enabled (32-bit)
 Heap Region Size: 1M
 Heap Min Capacity: 8M
 Heap Initial Capacity: 118M
 Heap Max Capacity: 2G
 Pre-touch: Disabled
 Parallel Workers: 10
 Concurrent Workers: 3
 Concurrent Refinement Workers: 10
 Periodic GC: Disabled
Heap:
 garbage-first heap   total 306176K, used 295251K [0x0000000080000000, 0x0000000100000000)
  region size 1024K, 106 young (108544K), 7 survivors (7168K)
 Metaspace       used 161762K, committed 164224K, reserved 1245184K
  class space    used 22194K, committed 23360K, reserved 1048576K
GC Heap History (20 events):
Event: 150.759 GC heap before
{Heap before GC invocations=58 (full 0):
 garbage-first heap   total 224256K, used 200490K [0x0000000080000000, 0x0000000100000000)
  region size 1024K, 65 young (66560K), 7 survivors (7168K)
 Metaspace       used 132734K, committed 135104K, reserved 1179648K
  class space    used 18023K, committed 19200K, reserved 1048576K
}
Event: 150.773 GC heap after
{Heap after GC invocations=59 (full 0):
 garbage-first heap   total 224256K, used 149577K [0x0000000080000000, 0x0000000100000000)
  region size 1024K, 9 young (9216K), 9 survivors (9216K)
 Metaspace       used 132734K, committed 135104K, reserved 1179648K
  class space    used 18023K, committed 19200K, reserved 1048576K
}
Event: 151.792 GC heap before
{Heap before GC invocations=59 (full 0):
 garbage-first heap   total 224256K, used 199753K [0x0000000080000000, 0x0000000100000000)
  region size 1024K, 59 young (60416K), 9 survivors (9216K)
 Metaspace       used 134068K, committed 136384K, reserved 1179648K
  class space    used 18167K, committed 19328K, reserved 1048576K
}
Event: 151.802 GC heap after
{Heap after GC invocations=60 (full 0):
 garbage-first heap   total 224256K, used 155073K [0x0000000080000000, 0x0000000100000000)
  region size 1024K, 6 young (6144K), 6 survivors (6144K)
 Metaspace       used 134068K, committed 136384K, reserved 1179648K
  class space    used 18167K, committed 19328K, reserved 1048576K
}
Event: 153.372 GC heap before
{Heap before GC invocations=61 (full 0):
 garbage-first heap   total 261120K, used 201153K [0x0000000080000000, 0x0000000100000000)
  region size 1024K, 52 young (53248K), 6 survivors (6144K)
 Metaspace       used 134072K, committed 136384K, reserved 1179648K
  class space    used 18167K, committed 19328K, reserved 1048576K
}
Event: 153.377 GC heap after
{Heap after GC invocations=62 (full 0):
 garbage-first heap   total 261120K, used 158914K [0x0000000080000000, 0x0000000100000000)
  region size 1024K, 5 young (5120K), 5 survivors (5120K)
 Metaspace       used 134072K, committed 136384K, reserved 1179648K
  class space    used 18167K, committed 19328K, reserved 1048576K
}
Event: 155.425 GC heap before
{Heap before GC invocations=62 (full 0):
 garbage-first heap   total 261120K, used 233666K [0x0000000080000000, 0x0000000100000000)
  region size 1024K, 79 young (80896K), 5 survivors (5120K)
 Metaspace       used 136051K, committed 138304K, reserved 1179648K
  class space    used 18416K, committed 19520K, reserved 1048576K
}
Event: 155.434 GC heap after
{Heap after GC invocations=63 (full 0):
 garbage-first heap   total 261120K, used 155289K [0x0000000080000000, 0x0000000100000000)
  region size 1024K, 8 young (8192K), 8 survivors (8192K)
 Metaspace       used 136051K, committed 138304K, reserved 1179648K
  class space    used 18416K, committed 19520K, reserved 1048576K
}
Event: 232.524 GC heap before
{Heap before GC invocations=63 (full 0):
 garbage-first heap   total 261120K, used 236185K [0x0000000080000000, 0x0000000100000000)
  region size 1024K, 88 young (90112K), 8 survivors (8192K)
 Metaspace       used 136441K, committed 138816K, reserved 1179648K
  class space    used 18425K, committed 19584K, reserved 1048576K
}
Event: 232.645 GC heap after
{Heap after GC invocations=64 (full 0):
 garbage-first heap   total 261120K, used 162299K [0x0000000080000000, 0x0000000100000000)
  region size 1024K, 11 young (11264K), 11 survivors (11264K)
 Metaspace       used 136441K, committed 138816K, reserved 1179648K
  class space    used 18425K, committed 19584K, reserved 1048576K
}
Event: 236.001 GC heap before
{Heap before GC invocations=65 (full 0):
 garbage-first heap   total 270336K, used 237051K [0x0000000080000000, 0x0000000100000000)
  region size 1024K, 82 young (83968K), 11 survivors (11264K)
 Metaspace       used 136340K, committed 138688K, reserved 1179648K
  class space    used 18406K, committed 19584K, reserved 1048576K
}
Event: 236.024 GC heap after
{Heap after GC invocations=66 (full 0):
 garbage-first heap   total 270336K, used 179200K [0x0000000080000000, 0x0000000100000000)
  region size 1024K, 11 young (11264K), 11 survivors (11264K)
 Metaspace       used 136340K, committed 138688K, reserved 1179648K
  class space    used 18406K, committed 19584K, reserved 1048576K
}
Event: 236.900 GC heap before
{Heap before GC invocations=66 (full 0):
 garbage-first heap   total 270336K, used 242688K [0x0000000080000000, 0x0000000100000000)
  region size 1024K, 73 young (74752K), 11 survivors (11264K)
 Metaspace       used 137149K, committed 139456K, reserved 1179648K
  class space    used 18435K, committed 19584K, reserved 1048576K
}
Event: 236.918 GC heap after
{Heap after GC invocations=67 (full 0):
 garbage-first heap   total 270336K, used 175504K [0x0000000080000000, 0x0000000100000000)
  region size 1024K, 10 young (10240K), 10 survivors (10240K)
 Metaspace       used 137149K, committed 139456K, reserved 1179648K
  class space    used 18435K, committed 19584K, reserved 1048576K
}
Event: 238.408 GC heap before
{Heap before GC invocations=67 (full 0):
 garbage-first heap   total 270336K, used 241040K [0x0000000080000000, 0x0000000100000000)
  region size 1024K, 75 young (76800K), 10 survivors (10240K)
 Metaspace       used 140710K, committed 143168K, reserved 1179648K
  class space    used 18967K, committed 20160K, reserved 1048576K
}
Event: 238.424 GC heap after
{Heap after GC invocations=68 (full 0):
 garbage-first heap   total 270336K, used 182335K [0x0000000080000000, 0x0000000100000000)
  region size 1024K, 7 young (7168K), 7 survivors (7168K)
 Metaspace       used 140710K, committed 143168K, reserved 1179648K
  class space    used 18967K, committed 20160K, reserved 1048576K
}
Event: 239.612 GC heap before
{Heap before GC invocations=69 (full 0):
 garbage-first heap   total 306176K, used 243775K [0x0000000080000000, 0x0000000100000000)
  region size 1024K, 68 young (69632K), 7 survivors (7168K)
 Metaspace       used 148947K, committed 151360K, reserved 1179648K
  class space    used 20363K, committed 21568K, reserved 1048576K
}
Event: 239.628 GC heap after
{Heap after GC invocations=70 (full 0):
 garbage-first heap   total 306176K, used 185944K [0x0000000080000000, 0x0000000100000000)
  region size 1024K, 4 young (4096K), 4 survivors (4096K)
 Metaspace       used 148947K, committed 151360K, reserved 1179648K
  class space    used 20363K, committed 21568K, reserved 1048576K
}
Event: 240.583 GC heap before
{Heap before GC invocations=70 (full 0):
 garbage-first heap   total 306176K, used 277080K [0x0000000080000000, 0x0000000100000000)
  region size 1024K, 94 young (96256K), 4 survivors (4096K)
 Metaspace       used 156199K, committed 158592K, reserved 1245184K
  class space    used 21547K, committed 22720K, reserved 1048576K
}
Event: 240.601 GC heap after
{Heap after GC invocations=71 (full 0):
 garbage-first heap   total 306176K, used 169300K [0x0000000080000000, 0x0000000100000000)
  region size 1024K, 7 young (7168K), 7 survivors (7168K)
 Metaspace       used 156199K, committed 158592K, reserved 1245184K
  class space    used 21547K, committed 22720K, reserved 1048576K
}

