# JRE version: OpenJDK Runtime Environment (21.0.8) (build 21.0.8+-14196175-b1038.72)
# Java VM: OpenJDK 64-Bit Server VM (21.0.8+-14196175-b1038.72, mixed mode, tiered, compressed oops, compressed class ptrs, g1 gc, windows-amd64)
GC Precious Log:
 CardTable entry size: 512
 Card Set container configuration: InlinePtr #cards 5 size 8 Array Of Cards #cards 12 size 40 Howl #buckets 4 coarsen threshold 1843 Howl Bitmap #cards 512 size 80 coarsen threshold 460 Card regions per heap region 1 cards per card region 2048
 CPUs: 12 total, 12 available
 Memory: 7439M
 Large Page Support: Disabled
 NUMA Support: Disabled
 Compressed Oops: Enabled (32-bit)
 Heap Region Size: 1M
 Heap Min Capacity: 8M
 Heap Initial Capacity: 118M
 Heap Max Capacity: 2G
 Pre-touch: Disabled
 Parallel Workers: 10
 Concurrent Workers: 3
 Concurrent Refinement Workers: 10
 Periodic GC: Disabled
Heap:
 garbage-first heap   total 184320K, used 118811K [0x0000000080000000, 0x0000000100000000)
  region size 1024K, 11 young (11264K), 5 survivors (5120K)
 Metaspace       used 114040K, committed 116160K, reserved 1179648K
  class space    used 15858K, committed 16896K, reserved 1048576K
GC Heap History (20 events):
Event: 21.269 GC heap before
{Heap before GC invocations=38 (full 0):
 garbage-first heap   total 138240K, used 125633K [0x0000000080000000, 0x0000000100000000)
  region size 1024K, 44 young (45056K), 3 survivors (3072K)
 Metaspace       used 98782K, committed 100736K, reserved 1179648K
  class space    used 13790K, committed 14720K, reserved 1048576K
}
Event: 21.273 GC heap after
{Heap after GC invocations=39 (full 0):
 garbage-first heap   total 138240K, used 85280K [0x0000000080000000, 0x0000000100000000)
  region size 1024K, 5 young (5120K), 5 survivors (5120K)
 Metaspace       used 98782K, committed 100736K, reserved 1179648K
  class space    used 13790K, committed 14720K, reserved 1048576K
}
Event: 21.890 GC heap before
{Heap before GC invocations=40 (full 0):
 garbage-first heap   total 145408K, used 123168K [0x0000000080000000, 0x0000000100000000)
  region size 1024K, 42 young (43008K), 5 survivors (5120K)
 Metaspace       used 101569K, committed 103680K, reserved 1179648K
  class space    used 14242K, committed 15296K, reserved 1048576K
}
Event: 21.895 GC heap after
{Heap after GC invocations=41 (full 0):
 garbage-first heap   total 145408K, used 87678K [0x0000000080000000, 0x0000000100000000)
  region size 1024K, 5 young (5120K), 5 survivors (5120K)
 Metaspace       used 101569K, committed 103680K, reserved 1179648K
  class space    used 14242K, committed 15296K, reserved 1048576K
}
Event: 22.933 GC heap before
{Heap before GC invocations=41 (full 0):
 garbage-first heap   total 145408K, used 130686K [0x0000000080000000, 0x0000000100000000)
  region size 1024K, 47 young (48128K), 5 survivors (5120K)
 Metaspace       used 105004K, committed 107072K, reserved 1179648K
  class space    used 14803K, committed 15808K, reserved 1048576K
}
Event: 22.939 GC heap after
{Heap after GC invocations=42 (full 0):
 garbage-first heap   total 145408K, used 88729K [0x0000000080000000, 0x0000000100000000)
  region size 1024K, 5 young (5120K), 5 survivors (5120K)
 Metaspace       used 105004K, committed 107072K, reserved 1179648K
  class space    used 14803K, committed 15808K, reserved 1048576K
}
Event: 23.602 GC heap before
{Heap before GC invocations=42 (full 0):
 garbage-first heap   total 145408K, used 130713K [0x0000000080000000, 0x0000000100000000)
  region size 1024K, 46 young (47104K), 5 survivors (5120K)
 Metaspace       used 108540K, committed 110656K, reserved 1179648K
  class space    used 15274K, committed 16320K, reserved 1048576K
}
Event: 23.608 GC heap after
{Heap after GC invocations=43 (full 0):
 garbage-first heap   total 145408K, used 91753K [0x0000000080000000, 0x0000000100000000)
  region size 1024K, 5 young (5120K), 5 survivors (5120K)
 Metaspace       used 108540K, committed 110656K, reserved 1179648K
  class space    used 15274K, committed 16320K, reserved 1048576K
}
Event: 24.000 GC heap before
{Heap before GC invocations=44 (full 0):
 garbage-first heap   total 153600K, used 131689K [0x0000000080000000, 0x0000000100000000)
  region size 1024K, 44 young (45056K), 5 survivors (5120K)
 Metaspace       used 108718K, committed 110848K, reserved 1179648K
  class space    used 15286K, committed 16320K, reserved 1048576K
}
Event: 24.006 GC heap after
{Heap after GC invocations=45 (full 0):
 garbage-first heap   total 153600K, used 98523K [0x0000000080000000, 0x0000000100000000)
  region size 1024K, 6 young (6144K), 6 survivors (6144K)
 Metaspace       used 108718K, committed 110848K, reserved 1179648K
  class space    used 15286K, committed 16320K, reserved 1048576K
}
Event: 24.740 GC heap before
{Heap before GC invocations=45 (full 0):
 garbage-first heap   total 153600K, used 142555K [0x0000000080000000, 0x0000000100000000)
  region size 1024K, 45 young (46080K), 6 survivors (6144K)
 Metaspace       used 112410K, committed 114560K, reserved 1179648K
  class space    used 15629K, committed 16704K, reserved 1048576K
}
Event: 24.751 GC heap after
{Heap after GC invocations=46 (full 0):
 garbage-first heap   total 158720K, used 104319K [0x0000000080000000, 0x0000000100000000)
  region size 1024K, 6 young (6144K), 6 survivors (6144K)
 Metaspace       used 112410K, committed 114560K, reserved 1179648K
  class space    used 15629K, committed 16704K, reserved 1048576K
}
Event: 25.718 GC heap before
{Heap before GC invocations=46 (full 0):
 garbage-first heap   total 158720K, used 143231K [0x0000000080000000, 0x0000000100000000)
  region size 1024K, 44 young (45056K), 6 survivors (6144K)
 Metaspace       used 113626K, committed 115840K, reserved 1179648K
  class space    used 15810K, committed 16896K, reserved 1048576K
}
Event: 25.726 GC heap after
{Heap after GC invocations=47 (full 0):
 garbage-first heap   total 158720K, used 109854K [0x0000000080000000, 0x0000000100000000)
  region size 1024K, 6 young (6144K), 6 survivors (6144K)
 Metaspace       used 113626K, committed 115840K, reserved 1179648K
  class space    used 15810K, committed 16896K, reserved 1048576K
}
Event: 25.986 GC heap before
{Heap before GC invocations=48 (full 0):
 garbage-first heap   total 184320K, used 141598K [0x0000000080000000, 0x0000000100000000)
  region size 1024K, 38 young (38912K), 6 survivors (6144K)
 Metaspace       used 113629K, committed 115840K, reserved 1179648K
  class space    used 15811K, committed 16896K, reserved 1048576K
}
Event: 25.992 GC heap after
{Heap after GC invocations=49 (full 0):
 garbage-first heap   total 184320K, used 111120K [0x0000000080000000, 0x0000000100000000)
  region size 1024K, 4 young (4096K), 4 survivors (4096K)
 Metaspace       used 113629K, committed 115840K, reserved 1179648K
  class space    used 15811K, committed 16896K, reserved 1048576K
}
Event: 26.567 GC heap before
{Heap before GC invocations=49 (full 0):
 garbage-first heap   total 184320K, used 166416K [0x0000000080000000, 0x0000000100000000)
  region size 1024K, 59 young (60416K), 4 survivors (4096K)
 Metaspace       used 113907K, committed 116096K, reserved 1179648K
  class space    used 15845K, committed 16896K, reserved 1048576K
}
Event: 26.572 GC heap after
{Heap after GC invocations=50 (full 0):
 garbage-first heap   total 184320K, used 112159K [0x0000000080000000, 0x0000000100000000)
  region size 1024K, 6 young (6144K), 6 survivors (6144K)
 Metaspace       used 113907K, committed 116096K, reserved 1179648K
  class space    used 15845K, committed 16896K, reserved 1048576K
}
Event: 26.952 GC heap before
{Heap before GC invocations=50 (full 0):
 garbage-first heap   total 184320K, used 167455K [0x0000000080000000, 0x0000000100000000)
  region size 1024K, 61 young (62464K), 6 survivors (6144K)
 Metaspace       used 114014K, committed 116160K, reserved 1179648K
  class space    used 15857K, committed 16896K, reserved 1048576K
}
Event: 26.957 GC heap after
{Heap after GC invocations=51 (full 0):
 garbage-first heap   total 184320K, used 114715K [0x0000000080000000, 0x0000000100000000)
  region size 1024K, 5 young (5120K), 5 survivors (5120K)
 Metaspace       used 114014K, committed 116160K, reserved 1179648K
  class space    used 15857K, committed 16896K, reserved 1048576K
}

