# JRE version: OpenJDK Runtime Environment (21.0.8) (build 21.0.8+-14196175-b1038.72)
# Java VM: OpenJDK 64-Bit Server VM (21.0.8+-14196175-b1038.72, mixed mode, tiered, compressed oops, compressed class ptrs, g1 gc, windows-amd64)
GC Precious Log:
 CardTable entry size: 512
 Card Set container configuration: InlinePtr #cards 5 size 8 Array Of Cards #cards 12 size 40 Howl #buckets 4 coarsen threshold 1843 Howl Bitmap #cards 512 size 80 coarsen threshold 460 Card regions per heap region 1 cards per card region 2048
 CPUs: 12 total, 12 available
 Memory: 7439M
 Large Page Support: Disabled
 NUMA Support: Disabled
 Compressed Oops: Enabled (32-bit)
 Heap Region Size: 1M
 Heap Min Capacity: 8M
 Heap Initial Capacity: 118M
 Heap Max Capacity: 2G
 Pre-touch: Disabled
 Parallel Workers: 10
 Concurrent Workers: 3
 Concurrent Refinement Workers: 10
 Periodic GC: Disabled
Heap:
 garbage-first heap   total 145408K, used 107776K [0x0000000080000000, 0x0000000100000000)
  region size 1024K, 25 young (25600K), 5 survivors (5120K)
 Metaspace       used 103119K, committed 105216K, reserved 1179648K
  class space    used 14491K, committed 15552K, reserved 1048576K
GC Heap History (20 events):
Event: 14.188 GC heap before
{Heap before GC invocations=29 (full 0):
 garbage-first heap   total 113664K, used 103863K [0x0000000080000000, 0x0000000100000000)
  region size 1024K, 45 young (46080K), 6 survivors (6144K)
 Metaspace       used 75583K, committed 77312K, reserved 1179648K
  class space    used 10583K, committed 11392K, reserved 1048576K
}
Event: 14.193 GC heap after
{Heap after GC invocations=30 (full 0):
 garbage-first heap   total 118784K, used 71202K [0x0000000080000000, 0x0000000100000000)
  region size 1024K, 6 young (6144K), 6 survivors (6144K)
 Metaspace       used 75583K, committed 77312K, reserved 1179648K
  class space    used 10583K, committed 11392K, reserved 1048576K
}
Event: 14.826 GC heap before
{Heap before GC invocations=30 (full 0):
 garbage-first heap   total 118784K, used 103970K [0x0000000080000000, 0x0000000100000000)
  region size 1024K, 39 young (39936K), 6 survivors (6144K)
 Metaspace       used 79284K, committed 81088K, reserved 1179648K
  class space    used 10997K, committed 11840K, reserved 1048576K
}
Event: 14.830 GC heap after
{Heap after GC invocations=31 (full 0):
 garbage-first heap   total 118784K, used 70906K [0x0000000080000000, 0x0000000100000000)
  region size 1024K, 2 young (2048K), 2 survivors (2048K)
 Metaspace       used 79284K, committed 81088K, reserved 1179648K
  class space    used 10997K, committed 11840K, reserved 1048576K
}
Event: 15.373 GC heap before
{Heap before GC invocations=31 (full 0):
 garbage-first heap   total 118784K, used 103674K [0x0000000080000000, 0x0000000100000000)
  region size 1024K, 35 young (35840K), 2 survivors (2048K)
 Metaspace       used 83027K, committed 84928K, reserved 1179648K
  class space    used 11492K, committed 12416K, reserved 1048576K
}
Event: 15.376 GC heap after
{Heap after GC invocations=32 (full 0):
 garbage-first heap   total 118784K, used 72009K [0x0000000080000000, 0x0000000100000000)
  region size 1024K, 3 young (3072K), 3 survivors (3072K)
 Metaspace       used 83027K, committed 84928K, reserved 1179648K
  class space    used 11492K, committed 12416K, reserved 1048576K
}
Event: 15.909 GC heap before
{Heap before GC invocations=33 (full 0):
 garbage-first heap   total 122880K, used 110921K [0x0000000080000000, 0x0000000100000000)
  region size 1024K, 37 young (37888K), 3 survivors (3072K)
 Metaspace       used 85572K, committed 87488K, reserved 1179648K
  class space    used 11855K, committed 12736K, reserved 1048576K
}
Event: 15.914 GC heap after
{Heap after GC invocations=34 (full 0):
 garbage-first heap   total 122880K, used 77308K [0x0000000080000000, 0x0000000100000000)
  region size 1024K, 5 young (5120K), 5 survivors (5120K)
 Metaspace       used 85572K, committed 87488K, reserved 1179648K
  class space    used 11855K, committed 12736K, reserved 1048576K
}
Event: 16.640 GC heap before
{Heap before GC invocations=34 (full 0):
 garbage-first heap   total 122880K, used 111100K [0x0000000080000000, 0x0000000100000000)
  region size 1024K, 38 young (38912K), 5 survivors (5120K)
 Metaspace       used 88247K, committed 90176K, reserved 1179648K
  class space    used 12195K, committed 13120K, reserved 1048576K
}
Event: 16.646 GC heap after
{Heap after GC invocations=35 (full 0):
 garbage-first heap   total 122880K, used 78921K [0x0000000080000000, 0x0000000100000000)
  region size 1024K, 3 young (3072K), 3 survivors (3072K)
 Metaspace       used 88247K, committed 90176K, reserved 1179648K
  class space    used 12195K, committed 13120K, reserved 1048576K
}
Event: 17.731 GC heap before
{Heap before GC invocations=35 (full 0):
 garbage-first heap   total 122880K, used 111689K [0x0000000080000000, 0x0000000100000000)
  region size 1024K, 35 young (35840K), 3 survivors (3072K)
 Metaspace       used 90121K, committed 92032K, reserved 1179648K
  class space    used 12437K, committed 13312K, reserved 1048576K
}
Event: 17.736 GC heap after
{Heap after GC invocations=36 (full 0):
 garbage-first heap   total 122880K, used 82682K [0x0000000080000000, 0x0000000100000000)
  region size 1024K, 5 young (5120K), 5 survivors (5120K)
 Metaspace       used 90121K, committed 92032K, reserved 1179648K
  class space    used 12437K, committed 13312K, reserved 1048576K
}
Event: 18.288 GC heap before
{Heap before GC invocations=37 (full 0):
 garbage-first heap   total 138240K, used 108282K [0x0000000080000000, 0x0000000100000000)
  region size 1024K, 31 young (31744K), 5 survivors (5120K)
 Metaspace       used 92164K, committed 94080K, reserved 1179648K
  class space    used 12698K, committed 13632K, reserved 1048576K
}
Event: 18.292 GC heap after
{Heap after GC invocations=38 (full 0):
 garbage-first heap   total 138240K, used 84029K [0x0000000080000000, 0x0000000100000000)
  region size 1024K, 2 young (2048K), 2 survivors (2048K)
 Metaspace       used 92164K, committed 94080K, reserved 1179648K
  class space    used 12698K, committed 13632K, reserved 1048576K
}
Event: 19.583 GC heap before
{Heap before GC invocations=38 (full 0):
 garbage-first heap   total 138240K, used 126013K [0x0000000080000000, 0x0000000100000000)
  region size 1024K, 43 young (44032K), 2 survivors (2048K)
 Metaspace       used 95342K, committed 97280K, reserved 1179648K
  class space    used 13188K, committed 14144K, reserved 1048576K
}
Event: 19.587 GC heap after
{Heap after GC invocations=39 (full 0):
 garbage-first heap   total 138240K, used 84278K [0x0000000080000000, 0x0000000100000000)
  region size 1024K, 3 young (3072K), 3 survivors (3072K)
 Metaspace       used 95342K, committed 97280K, reserved 1179648K
  class space    used 13188K, committed 14144K, reserved 1048576K
}
Event: 20.627 GC heap before
{Heap before GC invocations=39 (full 0):
 garbage-first heap   total 138240K, used 126262K [0x0000000080000000, 0x0000000100000000)
  region size 1024K, 44 young (45056K), 3 survivors (3072K)
 Metaspace       used 98848K, committed 100864K, reserved 1179648K
  class space    used 13804K, committed 14784K, reserved 1048576K
}
Event: 20.631 GC heap after
{Heap after GC invocations=40 (full 0):
 garbage-first heap   total 138240K, used 86070K [0x0000000080000000, 0x0000000100000000)
  region size 1024K, 5 young (5120K), 5 survivors (5120K)
 Metaspace       used 98848K, committed 100864K, reserved 1179648K
  class space    used 13804K, committed 14784K, reserved 1048576K
}
Event: 21.371 GC heap before
{Heap before GC invocations=41 (full 0):
 garbage-first heap   total 145408K, used 123958K [0x0000000080000000, 0x0000000100000000)
  region size 1024K, 42 young (43008K), 5 survivors (5120K)
 Metaspace       used 101761K, committed 103872K, reserved 1179648K
  class space    used 14285K, committed 15296K, reserved 1048576K
}
Event: 21.375 GC heap after
{Heap after GC invocations=42 (full 0):
 garbage-first heap   total 145408K, used 88320K [0x0000000080000000, 0x0000000100000000)
  region size 1024K, 5 young (5120K), 5 survivors (5120K)
 Metaspace       used 101761K, committed 103872K, reserved 1179648K
  class space    used 14285K, committed 15296K, reserved 1048576K
}

